2014-06-17 22:38:50 - DEBUG --> Session Started / Resumed with ID : u9qd01lbu9trkirljhepov6l42 
2014-06-17 22:38:50 - WARN  --> Attempting to get invalid item from Session with key : cruX_session_identifier 
2014-06-17 22:38:50 - WARN  --> Attempting to get invalid item from Session with key : auth_user_id 
2014-06-17 22:38:50 - WARN  --> Attempting to get invalid item from Session with key : search_suggestions 
2014-06-17 22:38:50 - DEBUG --> New DB Instance created 
2014-06-17 22:38:50 - DEBUG --> Executing Query: SELECT id, user_name FROM users WHERE is_deleted= 0 ORDER BY user_name 
2014-06-17 22:38:50 - DEBUG --> Executing Query: SELECT id, name FROM language WHERE is_deleted= 0 ORDER BY name 
2014-06-17 22:38:50 - DEBUG --> Executing Query: SELECT id, name FROM category WHERE is_deleted= 0 ORDER BY name 
2014-06-17 22:38:50 - WARN  --> Attempting to get invalid item from Session with key : loggedin_user_details 
2014-06-17 22:38:50 - DEBUG --> Executing Query: SELECT title AS name FROM program_details WHERE is_deleted = 0 
2014-06-17 22:38:50 - WARN  --> Attempting to get invalid item from Session with key : cruX_session_identifier 
2014-06-17 22:38:50 - WARN  --> Attempting to get invalid item from Session with key : auth_user_id 
2014-06-17 22:38:50 - WARN  --> Attempting to get invalid item from Session with key : cruX_session_identifier 
2014-06-17 22:38:50 - WARN  --> Attempting to get invalid item from Session with key : auth_user_id 
2014-06-17 22:38:50 - DEBUG --> Session Started / Resumed with ID : u9qd01lbu9trkirljhepov6l42 
2014-06-17 22:38:50 - WARN  --> Attempting to get invalid item from Session with key : cruX_session_identifier 
2014-06-17 22:38:50 - WARN  --> Attempting to get invalid item from Session with key : auth_user_id 
2014-06-17 22:38:50 - WARN  --> Attempting to get invalid item from Session with key : cruX_session_identifier 
2014-06-17 22:38:50 - WARN  --> Attempting to get invalid item from Session with key : auth_user_id 
2014-06-17 22:38:50 - WARN  --> Attempting to get invalid item from Session with key : cruX_session_identifier 
2014-06-17 22:38:50 - WARN  --> Attempting to get invalid item from Session with key : auth_user_id 
2014-06-17 22:38:54 - DEBUG --> Session Started / Resumed with ID : u9qd01lbu9trkirljhepov6l42 
2014-06-17 22:38:54 - WARN  --> Attempting to get invalid item from Session with key : cruX_session_identifier 
2014-06-17 22:38:54 - WARN  --> Attempting to get invalid item from Session with key : auth_user_id 
2014-06-17 22:38:54 - WARN  --> Attempting to get invalid item from Session with key : cruX_session_identifier 
2014-06-17 22:38:54 - WARN  --> Attempting to get invalid item from Session with key : auth_user_id 
2014-06-17 22:38:55 - DEBUG --> New DB Instance created 
2014-06-17 22:38:55 - DEBUG --> Executing Query: SELECT * FROM users WHERE user_name = ? AND is_deleted = 0 
2014-06-17 22:38:55 - DEBUG --> Session ID regenerated, New Session ID: 1 
2014-06-17 22:38:55 - DEBUG --> Executing Query: UPDATE users SET session_id='37m6ucofv5bk8ph1upho640b57', ip_address='127.0.0.1', is_loggedin = '1', last_login = '2014-06-17 22:38:55' WHERE id = '1' 
2014-06-17 22:38:55 - DEBUG --> Executing Query: SELECT * FROM user_preferences WHERE user_id =? AND is_deleted=0 
2014-06-17 22:38:55 - DEBUG --> Session Started / Resumed with ID : 37m6ucofv5bk8ph1upho640b57 
2014-06-17 22:38:55 - INFO  --> Serving Index Controller 
2014-06-17 22:38:55 - DEBUG --> New DB Instance created 
2014-06-17 22:38:55 - DEBUG --> Executing Query: SELECT * FROM user_preferences WHERE user_id =? AND is_deleted=0 
2014-06-17 22:38:55 - DEBUG --> Executing Query: SELECT program_details.*,users.user_name AS created_by,category.name AS category_name,language.name AS language_name FROM program_details INNER JOIN category ON category.id = program_details.fk_category INNER JOIN language ON language.id = program_details.fk_language INNER JOIN users ON users.id = fk_created_by WHERE program_details.is_deleted= '0' 
2014-06-17 22:38:55 - DEBUG --> Session Started / Resumed with ID : 37m6ucofv5bk8ph1upho640b57 
2014-06-17 22:38:59 - DEBUG --> Session Started / Resumed with ID : 37m6ucofv5bk8ph1upho640b57 
2014-06-17 22:38:59 - WARN  --> Attempting to get invalid item from Session with key : empty_lang_category_matrix 
2014-06-17 22:38:59 - WARN  --> Attempting to get invalid item from Session with key : id_name_translation_map 
2014-06-17 22:38:59 - DEBUG --> New DB Instance created 
2014-06-17 22:38:59 - DEBUG --> Executing Query: SELECT * FROM language WHERE is_deleted = '0' 
2014-06-17 22:38:59 - DEBUG --> Executing Query: SELECT * FROM category WHERE is_deleted = '0' 
2014-06-17 22:38:59 - DEBUG --> Executing Query: SELECT fk_language,fk_category, COUNT(*) AS count FROM program_details WHERE is_deleted = "0" GROUP BY fk_language,fk_category 
2014-06-17 22:38:59 - DEBUG --> Session Started / Resumed with ID : 37m6ucofv5bk8ph1upho640b57 
2014-06-17 22:39:01 - DEBUG --> Session Started / Resumed with ID : 37m6ucofv5bk8ph1upho640b57 
2014-06-17 22:39:01 - DEBUG --> New DB Instance created 
2014-06-17 22:39:01 - DEBUG --> Executing Query: SELECT id, name FROM category WHERE is_deleted= 0 ORDER BY name 
2014-06-17 22:39:01 - DEBUG --> Executing Query: SELECT id, name FROM language WHERE is_deleted= 0 ORDER BY name 
2014-06-17 22:58:34 - DEBUG --> Session Started / Resumed with ID : 37m6ucofv5bk8ph1upho640b57 
2014-06-17 22:58:34 - DEBUG --> Session Started / Resumed with ID : 37m6ucofv5bk8ph1upho640b57 
2014-06-17 22:58:34 - INFO  --> Serving Index Controller 
2014-06-17 22:58:34 - DEBUG --> New DB Instance created 
2014-06-17 22:58:34 - DEBUG --> Executing Query: SELECT * FROM user_preferences WHERE user_id =? AND is_deleted=0 
2014-06-17 22:58:34 - DEBUG --> Executing Query: SELECT program_details.*,users.user_name AS created_by,category.name AS category_name,language.name AS language_name FROM program_details INNER JOIN category ON category.id = program_details.fk_category INNER JOIN language ON language.id = program_details.fk_language INNER JOIN users ON users.id = fk_created_by WHERE program_details.fk_language=? AND program_details.is_deleted= '0' 
2014-06-17 22:59:14 - DEBUG --> Session Started / Resumed with ID : 37m6ucofv5bk8ph1upho640b57 
2014-06-17 22:59:14 - DEBUG --> New DB Instance created 
2014-06-17 22:59:14 - DEBUG --> Executing Query: SELECT program_details.*, users.user_name, category.name AS category_name, language.name AS language_name
            FROM program_details INNER JOIN category ON category.id = program_details.fk_category INNER JOIN
            language ON language.id = program_details.fk_language INNER JOIN users ON users.id = program_details.fk_created_by
            WHERE program_details.is_deleted = 0 AND ( program_details.title LIKE :searchQuery0 OR program_details.description LIKE :searchQuery0  OR  program_details.title LIKE :searchQuery1 OR program_details.description LIKE :searchQuery1  OR  program_details.title LIKE :searchQuery2 OR program_details.description LIKE :searchQuery2  OR  program_details.title LIKE :searchQuery3 OR program_details.description LIKE :searchQuery3  OR  program_details.title LIKE :searchQuery4 OR program_details.description LIKE :searchQuery4  OR  program_details.title LIKE :searchQuery5 OR program_details.description LIKE :searchQuery5  OR  program_details.title LIKE :searchQuery6 OR program_details.description LIKE :searchQuery6  OR  program_details.title LIKE :searchQuery7 OR program_details.description LIKE :searchQuery7  OR  program_details.title LIKE :searchQuery8 OR program_details.description LIKE :searchQuery8 ); 
2014-06-17 22:59:14 - DEBUG --> Session Started / Resumed with ID : 37m6ucofv5bk8ph1upho640b57 
2014-06-17 22:59:14 - INFO  --> Serving Index Controller 
2014-06-17 22:59:14 - DEBUG --> New DB Instance created 
2014-06-17 22:59:14 - DEBUG --> Executing Query: SELECT * FROM user_preferences WHERE user_id =? AND is_deleted=0 
2014-06-17 22:59:14 - DEBUG --> Executing Query: SELECT program_details.*,users.user_name AS created_by,category.name AS category_name,language.name AS language_name FROM program_details INNER JOIN category ON category.id = program_details.fk_category INNER JOIN language ON language.id = program_details.fk_language INNER JOIN users ON users.id = fk_created_by WHERE program_details.fk_language=? AND program_details.is_deleted= '0' 
2014-06-17 23:00:13 - DEBUG --> Session Started / Resumed with ID : 37m6ucofv5bk8ph1upho640b57 
2014-06-17 23:00:13 - DEBUG --> New DB Instance created 
2014-06-17 23:00:13 - DEBUG --> Executing Query: SELECT program_details.*, users.user_name, category.name AS category_name, language.name AS language_name
            FROM program_details INNER JOIN category ON category.id = program_details.fk_category INNER JOIN
            language ON language.id = program_details.fk_language INNER JOIN users ON users.id = program_details.fk_created_by
            WHERE program_details.is_deleted = 0 AND ( program_details.title LIKE :searchQuery0 OR program_details.description LIKE :searchQuery0  OR  program_details.title LIKE :searchQuery1 OR program_details.description LIKE :searchQuery1  OR  program_details.title LIKE :searchQuery2 OR program_details.description LIKE :searchQuery2  OR  program_details.title LIKE :searchQuery3 OR program_details.description LIKE :searchQuery3  OR  program_details.title LIKE :searchQuery4 OR program_details.description LIKE :searchQuery4  OR  program_details.title LIKE :searchQuery5 OR program_details.description LIKE :searchQuery5  OR  program_details.title LIKE :searchQuery6 OR program_details.description LIKE :searchQuery6  OR  program_details.title LIKE :searchQuery7 OR program_details.description LIKE :searchQuery7  OR  program_details.title LIKE :searchQuery8 OR program_details.description LIKE :searchQuery8 ); 
2014-06-17 23:00:13 - DEBUG --> Session Started / Resumed with ID : 37m6ucofv5bk8ph1upho640b57 
2014-06-17 23:04:49 - DEBUG --> Session Started / Resumed with ID : 37m6ucofv5bk8ph1upho640b57 
2014-06-17 23:04:49 - DEBUG --> New DB Instance created 
2014-06-17 23:04:49 - DEBUG --> Executing Query: SELECT program_details.*, users.user_name, category.name AS category_name, language.name AS language_name
            FROM program_details INNER JOIN category ON category.id = program_details.fk_category INNER JOIN
            language ON language.id = program_details.fk_language INNER JOIN users ON users.id = program_details.fk_created_by
            WHERE program_details.is_deleted = 0 AND ( program_details.title LIKE :searchQuery0 OR program_details.description LIKE :searchQuery0  OR  program_details.title LIKE :searchQuery1 OR program_details.description LIKE :searchQuery1  OR  program_details.title LIKE :searchQuery2 OR program_details.description LIKE :searchQuery2  OR  program_details.title LIKE :searchQuery3 OR program_details.description LIKE :searchQuery3  OR  program_details.title LIKE :searchQuery4 OR program_details.description LIKE :searchQuery4  OR  program_details.title LIKE :searchQuery5 OR program_details.description LIKE :searchQuery5  OR  program_details.title LIKE :searchQuery6 OR program_details.description LIKE :searchQuery6  OR  program_details.title LIKE :searchQuery7 OR program_details.description LIKE :searchQuery7  OR  program_details.title LIKE :searchQuery8 OR program_details.description LIKE :searchQuery8 ); 
2014-06-17 23:04:54 - DEBUG --> Session Started / Resumed with ID : 37m6ucofv5bk8ph1upho640b57 
2014-06-17 23:04:54 - DEBUG --> New DB Instance created 
2014-06-17 23:04:54 - DEBUG --> Executing Query: SELECT program_details.*, users.user_name, category.name AS category_name, language.name AS language_name
            FROM program_details INNER JOIN category ON category.id = program_details.fk_category INNER JOIN
            language ON language.id = program_details.fk_language INNER JOIN users ON users.id = program_details.fk_created_by
            WHERE program_details.is_deleted = 0 AND ( program_details.title LIKE :searchQuery0 OR program_details.description LIKE :searchQuery0  OR  program_details.title LIKE :searchQuery1 OR program_details.description LIKE :searchQuery1  OR  program_details.title LIKE :searchQuery2 OR program_details.description LIKE :searchQuery2  OR  program_details.title LIKE :searchQuery3 OR program_details.description LIKE :searchQuery3  OR  program_details.title LIKE :searchQuery4 OR program_details.description LIKE :searchQuery4  OR  program_details.title LIKE :searchQuery5 OR program_details.description LIKE :searchQuery5  OR  program_details.title LIKE :searchQuery6 OR program_details.description LIKE :searchQuery6  OR  program_details.title LIKE :searchQuery7 OR program_details.description LIKE :searchQuery7  OR  program_details.title LIKE :searchQuery8 OR program_details.description LIKE :searchQuery8 ); 
2014-06-17 23:04:59 - DEBUG --> Session Started / Resumed with ID : 37m6ucofv5bk8ph1upho640b57 
2014-06-17 23:04:59 - DEBUG --> New DB Instance created 
2014-06-17 23:04:59 - DEBUG --> Executing Query: SELECT program_details.*, users.user_name, category.name AS category_name, language.name AS language_name
            FROM program_details INNER JOIN category ON category.id = program_details.fk_category INNER JOIN
            language ON language.id = program_details.fk_language INNER JOIN users ON users.id = program_details.fk_created_by
            WHERE program_details.is_deleted = 0 AND ( program_details.title LIKE :searchQuery0 OR program_details.description LIKE :searchQuery0  OR  program_details.title LIKE :searchQuery1 OR program_details.description LIKE :searchQuery1  OR  program_details.title LIKE :searchQuery2 OR program_details.description LIKE :searchQuery2  OR  program_details.title LIKE :searchQuery3 OR program_details.description LIKE :searchQuery3  OR  program_details.title LIKE :searchQuery4 OR program_details.description LIKE :searchQuery4  OR  program_details.title LIKE :searchQuery5 OR program_details.description LIKE :searchQuery5 ); 
2014-06-17 23:05:03 - DEBUG --> Session Started / Resumed with ID : 37m6ucofv5bk8ph1upho640b57 
2014-06-17 23:05:03 - INFO  --> Serving Index Controller 
2014-06-17 23:05:03 - DEBUG --> New DB Instance created 
2014-06-17 23:05:03 - DEBUG --> Executing Query: SELECT * FROM user_preferences WHERE user_id =? AND is_deleted=0 
2014-06-17 23:05:03 - DEBUG --> Executing Query: SELECT program_details.*,users.user_name AS created_by,category.name AS category_name,language.name AS language_name FROM program_details INNER JOIN category ON category.id = program_details.fk_category INNER JOIN language ON language.id = program_details.fk_language INNER JOIN users ON users.id = fk_created_by WHERE program_details.fk_language=? AND program_details.fk_category=? AND program_details.is_deleted= '0' 
2014-06-17 23:05:06 - DEBUG --> Session Started / Resumed with ID : 37m6ucofv5bk8ph1upho640b57 
2014-06-17 23:05:06 - INFO  --> Serving Index Controller 
2014-06-17 23:05:06 - DEBUG --> New DB Instance created 
2014-06-17 23:05:06 - DEBUG --> Executing Query: SELECT * FROM user_preferences WHERE user_id =? AND is_deleted=0 
2014-06-17 23:05:06 - DEBUG --> Executing Query: SELECT program_details.*,users.user_name AS created_by,category.name AS category_name,language.name AS language_name FROM program_details INNER JOIN category ON category.id = program_details.fk_category INNER JOIN language ON language.id = program_details.fk_language INNER JOIN users ON users.id = fk_created_by WHERE program_details.is_deleted= '0' 
2014-06-17 23:05:08 - DEBUG --> Session Started / Resumed with ID : 37m6ucofv5bk8ph1upho640b57 
2014-06-17 23:05:08 - INFO  --> Serving Index Controller 
2014-06-17 23:05:08 - DEBUG --> New DB Instance created 
2014-06-17 23:05:08 - DEBUG --> Executing Query: SELECT * FROM user_preferences WHERE user_id =? AND is_deleted=0 
2014-06-17 23:05:08 - DEBUG --> Executing Query: SELECT program_details.*,users.user_name AS created_by,category.name AS category_name,language.name AS language_name FROM program_details INNER JOIN category ON category.id = program_details.fk_category INNER JOIN language ON language.id = program_details.fk_language INNER JOIN users ON users.id = fk_created_by WHERE program_details.is_deleted= '0' 
